e:\桌面备份\rtklib_learning\rtklib_learning\debug\vc140.pdb
e:\桌面备份\rtklib_learning\rtklib_learning\debug\vc140.idb
e:\桌面备份\rtklib_learning\rtklib_learning\debug\main.obj
e:\桌面备份\rtklib_learning\rtklib_learning\debug\options.obj
e:\桌面备份\rtklib_learning\rtklib_learning\debug\pntpos.obj
e:\桌面备份\rtklib_learning\rtklib_learning\debug\postpos.obj
e:\桌面备份\rtklib_learning\rtklib_learning\debug\ppp.obj
e:\桌面备份\rtklib_learning\rtklib_learning\debug\ppp_ar.obj
e:\桌面备份\rtklib_learning\rtklib_learning\debug\ppp_corr.obj
e:\桌面备份\rtklib_learning\rtklib_learning\debug\preceph.obj
e:\桌面备份\rtklib_learning\rtklib_learning\debug\qzslex.obj
e:\桌面备份\rtklib_learning\rtklib_learning\debug\rinex.obj
e:\桌面备份\rtklib_learning\rtklib_learning\debug\rtcm.obj
e:\桌面备份\rtklib_learning\rtklib_learning\debug\rtcm2.obj
e:\桌面备份\rtklib_learning\rtklib_learning\debug\rtcm3.obj
e:\桌面备份\rtklib_learning\rtklib_learning\debug\rtcm3e.obj
e:\桌面备份\rtklib_learning\rtklib_learning\debug\rtkcmn.obj
e:\桌面备份\rtklib_learning\rtklib_learning\debug\rtkpos.obj
e:\桌面备份\rtklib_learning\rtklib_learning\debug\sbas.obj
e:\桌面备份\rtklib_learning\rtklib_learning\debug\solution.obj
e:\桌面备份\rtklib_learning\rtklib_learning\debug\tides.obj
e:\桌面备份\rtklib_learning\rtklib_learning\debug\tle.obj
e:\桌面备份\rtklib_learning\rtklib_learning\debug\convgpx.obj
e:\桌面备份\rtklib_learning\rtklib_learning\debug\convkml.obj
e:\桌面备份\rtklib_learning\rtklib_learning\debug\datum.obj
e:\桌面备份\rtklib_learning\rtklib_learning\debug\download.obj
e:\桌面备份\rtklib_learning\rtklib_learning\debug\ephemeris.obj
e:\桌面备份\rtklib_learning\rtklib_learning\debug\geoid.obj
e:\桌面备份\rtklib_learning\rtklib_learning\debug\gis.obj
e:\桌面备份\rtklib_learning\rtklib_learning\debug\ionex.obj
e:\桌面备份\rtklib_learning\rtklib_learning\debug\lambda.obj
c:\users\凶悍无比的伍xx\desktop\rtklib_learning\rtklib_learning\debug\vc140.pdb
c:\users\凶悍无比的伍xx\desktop\rtklib_learning\rtklib_learning\debug\vc140.idb
c:\users\凶悍无比的伍xx\desktop\rtklib_learning\rtklib_learning\debug\main.obj
c:\users\凶悍无比的伍xx\desktop\rtklib_learning\rtklib_learning\debug\options.obj
c:\users\凶悍无比的伍xx\desktop\rtklib_learning\rtklib_learning\debug\pntpos.obj
c:\users\凶悍无比的伍xx\desktop\rtklib_learning\rtklib_learning\debug\postpos.obj
c:\users\凶悍无比的伍xx\desktop\rtklib_learning\rtklib_learning\debug\ppp.obj
c:\users\凶悍无比的伍xx\desktop\rtklib_learning\rtklib_learning\debug\ppp_ar.obj
c:\users\凶悍无比的伍xx\desktop\rtklib_learning\rtklib_learning\debug\ppp_corr.obj
c:\users\凶悍无比的伍xx\desktop\rtklib_learning\rtklib_learning\debug\preceph.obj
c:\users\凶悍无比的伍xx\desktop\rtklib_learning\rtklib_learning\debug\qzslex.obj
c:\users\凶悍无比的伍xx\desktop\rtklib_learning\rtklib_learning\debug\rinex.obj
c:\users\凶悍无比的伍xx\desktop\rtklib_learning\rtklib_learning\debug\rtcm.obj
c:\users\凶悍无比的伍xx\desktop\rtklib_learning\rtklib_learning\debug\rtcm2.obj
c:\users\凶悍无比的伍xx\desktop\rtklib_learning\rtklib_learning\debug\rtcm3.obj
c:\users\凶悍无比的伍xx\desktop\rtklib_learning\rtklib_learning\debug\rtcm3e.obj
c:\users\凶悍无比的伍xx\desktop\rtklib_learning\rtklib_learning\debug\rtkcmn.obj
c:\users\凶悍无比的伍xx\desktop\rtklib_learning\rtklib_learning\debug\rtkpos.obj
c:\users\凶悍无比的伍xx\desktop\rtklib_learning\rtklib_learning\debug\sbas.obj
c:\users\凶悍无比的伍xx\desktop\rtklib_learning\rtklib_learning\debug\solution.obj
c:\users\凶悍无比的伍xx\desktop\rtklib_learning\rtklib_learning\debug\tides.obj
c:\users\凶悍无比的伍xx\desktop\rtklib_learning\rtklib_learning\debug\tle.obj
c:\users\凶悍无比的伍xx\desktop\rtklib_learning\rtklib_learning\debug\convgpx.obj
c:\users\凶悍无比的伍xx\desktop\rtklib_learning\rtklib_learning\debug\convkml.obj
c:\users\凶悍无比的伍xx\desktop\rtklib_learning\rtklib_learning\debug\datum.obj
c:\users\凶悍无比的伍xx\desktop\rtklib_learning\rtklib_learning\debug\download.obj
c:\users\凶悍无比的伍xx\desktop\rtklib_learning\rtklib_learning\debug\ephemeris.obj
c:\users\凶悍无比的伍xx\desktop\rtklib_learning\rtklib_learning\debug\geoid.obj
c:\users\凶悍无比的伍xx\desktop\rtklib_learning\rtklib_learning\debug\gis.obj
c:\users\凶悍无比的伍xx\desktop\rtklib_learning\rtklib_learning\debug\ionex.obj
c:\users\凶悍无比的伍xx\desktop\rtklib_learning\rtklib_learning\debug\lambda.obj
c:\users\凶悍无比的伍xx\desktop\rtklib_learning\rtklib_learning\debug\vc142.pdb
c:\users\凶悍无比的伍xx\desktop\rtklib_learning\rtklib_learning\debug\vc142.idb
e:\桌面备份\rtklib_learning\debug\rtklib_learning.ilk
e:\桌面备份\rtklib_learning\debug\rtklib_learning.exe
e:\桌面备份\rtklib_learning\debug\rtklib_learning.pdb
c:\users\凶悍无比的伍xx\desktop\rtklib_learning\debug\rtklib_learning.exe
c:\users\凶悍无比的伍xx\desktop\rtklib_learning\debug\rtklib_learning.ilk
c:\users\凶悍无比的伍xx\desktop\rtklib_learning\debug\rtklib_learning.pdb
c:\users\凶悍无比的伍xx\desktop\rtklib_learning\rtklib_learning\debug\ephemeris.obj.enc
c:\users\凶悍无比的伍xx\desktop\rtklib_learning\rtklib_learning\debug\main.obj.enc
c:\users\凶悍无比的伍xx\desktop\rtklib_learning\rtklib_learning\debug\pntpos.obj.enc
c:\users\凶悍无比的伍xx\desktop\rtklib_learning\rtklib_learning\debug\ppp.obj.enc
c:\users\凶悍无比的伍xx\desktop\rtklib_learning\rtklib_learning\debug\rtklib_learning.tlog\cl.command.1.tlog
c:\users\凶悍无比的伍xx\desktop\rtklib_learning\rtklib_learning\debug\rtklib_learning.tlog\cl.read.1.tlog
c:\users\凶悍无比的伍xx\desktop\rtklib_learning\rtklib_learning\debug\rtklib_learning.tlog\cl.write.1.tlog
c:\users\凶悍无比的伍xx\desktop\rtklib_learning\rtklib_learning\debug\rtklib_learning.tlog\link.command.1.tlog
c:\users\凶悍无比的伍xx\desktop\rtklib_learning\rtklib_learning\debug\rtklib_learning.tlog\link.delete.1.tlog
c:\users\凶悍无比的伍xx\desktop\rtklib_learning\rtklib_learning\debug\rtklib_learning.tlog\link.read.1.tlog
c:\users\凶悍无比的伍xx\desktop\rtklib_learning\rtklib_learning\debug\rtklib_learning.tlog\link.write.1.tlog
