  convgpx.c
  convkml.c
  datum.c
  download.c
C:\Users\凶悍无比的伍xx\Desktop\RTKLIB_learning\RTKLIB_learning\download.c(132,39): warning C4133: “函数”: 从“const char *”到“LPCWSTR”的类型不兼容
C:\Users\凶悍无比的伍xx\Desktop\RTKLIB_learning\RTKLIB_learning\download.c(286,29): warning C4133: “函数”: 从“char [1024]”到“LPCWSTR”的类型不兼容
C:\Users\凶悍无比的伍xx\Desktop\RTKLIB_learning\RTKLIB_learning\download.c(292,28): warning C4133: “函数”: 从“const char *”到“LPCWSTR”的类型不兼容
C:\Users\凶悍无比的伍xx\Desktop\RTKLIB_learning\RTKLIB_learning\download.c(322,9): warning C4101: “stat”: 未引用的局部变量
C:\Users\凶悍无比的伍xx\Desktop\RTKLIB_learning\RTKLIB_learning\download.c(505,22): warning C4101: “remot_p”: 未引用的局部变量
C:\Users\凶悍无比的伍xx\Desktop\RTKLIB_learning\RTKLIB_learning\download.c(776,12): warning C4101: “tow”: 未引用的局部变量
  ephemeris.c
  geoid.c
  gis.c
C:\Users\凶悍无比的伍xx\Desktop\RTKLIB_learning\RTKLIB_learning\gis.c(314,25): warning C4101: “q”: 未引用的局部变量
  ionex.c
  lambda.c
  main.c
  options.c
  pntpos.c
C:\Users\凶悍无比的伍xx\Desktop\RTKLIB_learning\RTKLIB_learning\pntpos.c(20,1): warning C4005: “_CRT_SECURE_NO_WARNINGS”: 宏重定义
C:\Users\凶悍无比的伍xx\Desktop\RTKLIB_learning\RTKLIB_learning\pntpos.c : message : 参见“_CRT_SECURE_NO_WARNINGS”的前一个定义
  postpos.c
  ppp.c
  ppp_ar.c
  ppp_corr.c
  preceph.c
  qzslex.c
  rinex.c
  rtcm.c
  正在生成代码...
  正在编译...
  rtcm2.c
  rtcm3.c
  rtcm3e.c
  rtkcmn.c
C:\Users\凶悍无比的伍xx\Desktop\RTKLIB_learning\RTKLIB_learning\rtkcmn.c(3110,24): warning C4477: “sprintf”: 格式字符串“%s”需要类型“char *”的参数，但可变参数 2 拥有了类型“WCHAR *”
C:\Users\凶悍无比的伍xx\Desktop\RTKLIB_learning\RTKLIB_learning\rtkcmn.c(3110,24): message : 请考虑在格式字符串中使用“%ls”
C:\Users\凶悍无比的伍xx\Desktop\RTKLIB_learning\RTKLIB_learning\rtkcmn.c(3110,24): message : 请考虑在格式字符串中使用“%lls”
C:\Users\凶悍无比的伍xx\Desktop\RTKLIB_learning\RTKLIB_learning\rtkcmn.c(3110,24): message : 请考虑在格式字符串中使用“%Ls”
C:\Users\凶悍无比的伍xx\Desktop\RTKLIB_learning\RTKLIB_learning\rtkcmn.c(3110,24): message : 请考虑在格式字符串中使用“%ws”
C:\Users\凶悍无比的伍xx\Desktop\RTKLIB_learning\RTKLIB_learning\rtkcmn.c(3113,28): warning C4477: “sprintf”: 格式字符串“%s”需要类型“char *”的参数，但可变参数 2 拥有了类型“WCHAR *”
C:\Users\凶悍无比的伍xx\Desktop\RTKLIB_learning\RTKLIB_learning\rtkcmn.c(3113,28): message : 请考虑在格式字符串中使用“%ls”
C:\Users\凶悍无比的伍xx\Desktop\RTKLIB_learning\RTKLIB_learning\rtkcmn.c(3113,28): message : 请考虑在格式字符串中使用“%lls”
C:\Users\凶悍无比的伍xx\Desktop\RTKLIB_learning\RTKLIB_learning\rtkcmn.c(3113,28): message : 请考虑在格式字符串中使用“%Ls”
C:\Users\凶悍无比的伍xx\Desktop\RTKLIB_learning\RTKLIB_learning\rtkcmn.c(3113,28): message : 请考虑在格式字符串中使用“%ws”
C:\Users\凶悍无比的伍xx\Desktop\RTKLIB_learning\RTKLIB_learning\rtkcmn.c(3173,25): warning C4133: “函数”: 从“char [1024]”到“LPCWSTR”的类型不兼容
  rtkpos.c
  sbas.c
  solution.c
  tides.c
  tle.c
  正在生成代码...
  RTKLIB_learning.vcxproj -> C:\Users\凶悍无比的伍xx\Desktop\RTKLIB_learning\Debug\RTKLIB_learning.exe
